[INFO] Scanning for projects...
[INFO] 
[INFO] ---------------------< com.aluralatam:literalura >----------------------
[INFO] Building literalura 0.0.1-SNAPSHOT
[INFO]   from pom.xml
[INFO] --------------------------------[ jar ]---------------------------------
[INFO] 
[INFO] --- clean:3.5.0:clean (default-clean) @ literalura ---
[INFO] Deleting C:\Users\WIGUSA\Documents\GitHub\java\Java y Spring Framework\literalura\target
[INFO] 
[INFO] --- resources:3.3.1:resources (default-resources) @ literalura ---
[INFO] Copying 1 resource from src\main\resources to target\classes
[INFO] Copying 0 resource from src\main\resources to target\classes
[INFO] 
[INFO] --- compiler:3.14.1:compile (default-compile) @ literalura ---
[INFO] Recompiling the module because of changed source code.
[INFO] Compiling 2 source files with javac [debug parameters release 25] to target\classes
[INFO] ------------------------------------------------------------------------
[INFO] BUILD SUCCESS
[INFO] ------------------------------------------------------------------------
[INFO] Total time:  4.899 s
[INFO] Finished at: 2026-02-26T16:52:39-05:00
[INFO] ------------------------------------------------------------------------
